生成启动时间为 2018/11/10 8:40:58。
     1>项目“C:\Users\90559\Desktop\xieqm\irrlicht-1.8\examples\05.UserInterface\UserInterface_vc10.vcxproj”在节点 2 上(build 个目标)。
     1>InitializeBuildStatus:
         正在创建“Debug\05.UserInterface.unsuccessfulbuild”，因为已指定“AlwaysCreate”。
       ClCompile:
         c:\Program Files (x86)\Microsoft Visual Studio 10.0\VC\bin\CL.exe /c /I..\..\include /ZI /nologo /W3 /WX- /Od /Oy- /D WIN32 /D _DEBUG /D _CONSOLE /D _VC80_UPGRADE=0x0710 /D _MBCS /Gm- /EHsc /RTC1 /MTd /GS /fp:precise /Zc:wchar_t /Zc:forScope /Fo"Debug\\" /Fd"Debug\vc100.pdb" /Gd /TP /analyze- /errorReport:prompt main.cpp
         main.cpp
     1>c:\users\90559\desktop\xieqm\irrlicht-1.8\include\keycodes.h : warning C4819: 该文件包含不能在当前代码页(936)中表示的字符。请将该文件保存为 Unicode 格式以防止数据丢失
     1>c:\users\90559\desktop\xieqm\irrlicht-1.8\include\keycodes.h : warning C4819: 该文件包含不能在当前代码页(936)中表示的字符。请将该文件保存为 Unicode 格式以防止数据丢失
     1>c:\users\90559\desktop\xieqm\irrlicht-1.8\include\keycodes.h : warning C4819: 该文件包含不能在当前代码页(936)中表示的字符。请将该文件保存为 Unicode 格式以防止数据丢失
       Link:
         c:\Program Files (x86)\Microsoft Visual Studio 10.0\VC\bin\link.exe /ERRORREPORT:PROMPT /OUT:"..\..\bin\Win32-VisualStudio\05.UserInterface.exe" /NOLOGO /LIBPATH:"..\..\lib\Win32-visualstudio" kernel32.lib user32.lib gdi32.lib winspool.lib comdlg32.lib advapi32.lib shell32.lib ole32.lib oleaut32.lib uuid.lib odbc32.lib odbccp32.lib /MANIFEST /ManifestFile:"Debug\05.UserInterface.exe.intermediate.manifest" /MANIFESTUAC:"level='asInvoker' uiAccess='false'" /DEBUG /PDB:"C:\Users\90559\Desktop\xieqm\irrlicht-1.8\bin\Win32-VisualStudio\05.UserInterface.pdb" /SUBSYSTEM:CONSOLE /TLBID:1 /DYNAMICBASE /IMPLIB:"..\..\bin\Win32-VisualStudio\05.UserInterface.lib" /MACHINE:X86 Debug\main.obj
         UserInterface_vc10.vcxproj -> C:\Users\90559\Desktop\xieqm\irrlicht-1.8\examples\05.UserInterface\..\..\bin\Win32-VisualStudio\05.UserInterface.exe
       Manifest:
         c:\Program Files (x86)\Microsoft SDKs\Windows\v7.0A\bin\mt.exe /nologo /verbose /outputresource:"..\..\bin\Win32-VisualStudio\05.UserInterface.exe;#1" /manifest Debug\05.UserInterface.exe.intermediate.manifest
       FinalizeBuildStatus:
         正在删除文件“Debug\05.UserInterface.unsuccessfulbuild”。
         正在对“Debug\05.UserInterface.lastbuildstate”执行 Touch 任务。
     1>已完成生成项目“C:\Users\90559\Desktop\xieqm\irrlicht-1.8\examples\05.UserInterface\UserInterface_vc10.vcxproj”(build 个目标)的操作。

生成成功。

已用时间 00:00:01.69
